Build started 03/06/2016 17:24:09.
     1>Project "C:\Users\Bhargav Reddi\documents\visual studio 2013\Projects\Message-Server-2\Message-Server-2\Message-Server-2.vcxproj" on node 2 (Build target(s)).
     1>ClCompile:
         C:\Program Files (x86)\Microsoft Visual Studio 12.0\VC\bin\CL.exe /c /ZI /nologo /W3 /WX- /Od /Oy- /D WIN32 /D _DEBUG /D _CONSOLE /D _LIB /D _UNICODE /D UNICODE /Gm /EHsc /RTC1 /MDd /GS /fp:precise /Zc:wchar_t /Zc:forScope /Fo"Debug\\" /Fd"Debug\vc120.pdb" /Gd /TC /analyze- /errorReport:prompt Category.c
         Category.c
     1>c:\users\bhargav reddi\documents\visual studio 2013\projects\message-server-2\message-server-2\category.c(6): warning C4996: 'fopen': This function or variable may be unsafe. Consider using fopen_s instead. To disable deprecation, use _CRT_SECURE_NO_WARNINGS. See online help for details.
                 c:\program files (x86)\microsoft visual studio 12.0\vc\include\stdio.h(211) : see declaration of 'fopen'
     1>c:\users\bhargav reddi\documents\visual studio 2013\projects\message-server-2\message-server-2\category.c(29): warning C4013: 'strcpy' undefined; assuming extern returning int
     1>c:\users\bhargav reddi\documents\visual studio 2013\projects\message-server-2\message-server-2\category.c(41): warning C4996: 'fopen': This function or variable may be unsafe. Consider using fopen_s instead. To disable deprecation, use _CRT_SECURE_NO_WARNINGS. See online help for details.
                 c:\program files (x86)\microsoft visual studio 12.0\vc\include\stdio.h(211) : see declaration of 'fopen'
     1>c:\users\bhargav reddi\documents\visual studio 2013\projects\message-server-2\message-server-2\category.c(55): warning C4996: 'scanf': This function or variable may be unsafe. Consider using scanf_s instead. To disable deprecation, use _CRT_SECURE_NO_WARNINGS. See online help for details.
                 c:\program files (x86)\microsoft visual studio 12.0\vc\include\stdio.h(283) : see declaration of 'scanf'
     1>c:\users\bhargav reddi\documents\visual studio 2013\projects\message-server-2\message-server-2\category.c(61): warning C4013: 'system' undefined; assuming extern returning int
     1>c:\users\bhargav reddi\documents\visual studio 2013\projects\message-server-2\message-server-2\category.c(65): warning C4996: 'fopen': This function or variable may be unsafe. Consider using fopen_s instead. To disable deprecation, use _CRT_SECURE_NO_WARNINGS. See online help for details.
                 c:\program files (x86)\microsoft visual studio 12.0\vc\include\stdio.h(211) : see declaration of 'fopen'
     1>c:\users\bhargav reddi\documents\visual studio 2013\projects\message-server-2\message-server-2\category.c(86): warning C4996: 'scanf': This function or variable may be unsafe. Consider using scanf_s instead. To disable deprecation, use _CRT_SECURE_NO_WARNINGS. See online help for details.
                 c:\program files (x86)\microsoft visual studio 12.0\vc\include\stdio.h(283) : see declaration of 'scanf'
     1>c:\users\bhargav reddi\documents\visual studio 2013\projects\message-server-2\message-server-2\category.c(62): warning C4716: 'loadCategory' : must return a value
       Link:
         C:\Program Files (x86)\Microsoft Visual Studio 12.0\VC\bin\link.exe /ERRORREPORT:PROMPT /OUT:"C:\Users\Bhargav Reddi\documents\visual studio 2013\Projects\Message-Server-2\Debug\Message-Server-2.exe" /INCREMENTAL /NOLOGO kernel32.lib user32.lib gdi32.lib winspool.lib comdlg32.lib advapi32.lib shell32.lib ole32.lib oleaut32.lib uuid.lib odbc32.lib odbccp32.lib /MANIFEST /MANIFESTUAC:"level='asInvoker' uiAccess='false'" /manifest:embed /DEBUG /PDB:"C:\Users\Bhargav Reddi\documents\visual studio 2013\Projects\Message-Server-2\Debug\Message-Server-2.pdb" /SUBSYSTEM:CONSOLE /TLBID:1 /DYNAMICBASE /NXCOMPAT /IMPLIB:"C:\Users\Bhargav Reddi\documents\visual studio 2013\Projects\Message-Server-2\Debug\Message-Server-2.lib" /MACHINE:X86 Debug\Category.obj
         Debug\Message.obj
         Debug\Screens.obj
         Debug\Source.obj
         Debug\User.obj
         Message-Server-2.vcxproj -> C:\Users\Bhargav Reddi\documents\visual studio 2013\Projects\Message-Server-2\Debug\Message-Server-2.exe
     1>Done Building Project "C:\Users\Bhargav Reddi\documents\visual studio 2013\Projects\Message-Server-2\Message-Server-2\Message-Server-2.vcxproj" (Build target(s)).

Build succeeded.

Time Elapsed 00:00:00.90
